c:\users\hwshin\desktop\wsp\0313tlftmq\0313tlftmq\x64\debug\vc143.pdb
c:\users\hwshin\desktop\wsp\0313tlftmq\0313tlftmq\x64\debug\vc143.idb
c:\users\hwshin\desktop\wsp\0313tlftmq\0313tlftmq\x64\debug\ui.obj
c:\users\hwshin\desktop\wsp\0313tlftmq\0313tlftmq\x64\debug\start.obj
c:\users\hwshin\desktop\wsp\0313tlftmq\0313tlftmq\x64\debug\ipc.obj
c:\users\hwshin\desktop\wsp\0313tlftmq\0313tlftmq\x64\debug\handler.obj
c:\users\hwshin\desktop\wsp\0313tlftmq\0313tlftmq\x64\debug\data.obj
c:\users\hwshin\desktop\wsp\0313tlftmq\0313tlftmq\x64\debug\control.obj
c:\users\hwshin\desktop\wsp\0313tlftmq\0313tlftmq\x64\debug\0313tlftmq.res
c:\users\hwshin\desktop\wsp\0313tlftmq\x64\debug\0313tlftmq.pdb
c:\users\hwshin\desktop\wsp\0313tlftmq\0313tlftmq\x64\debug\0313tlftmq.tlog\cl.command.1.tlog
c:\users\hwshin\desktop\wsp\0313tlftmq\0313tlftmq\x64\debug\0313tlftmq.tlog\cl.read.1.tlog
c:\users\hwshin\desktop\wsp\0313tlftmq\0313tlftmq\x64\debug\0313tlftmq.tlog\cl.write.1.tlog
c:\users\hwshin\desktop\wsp\0313tlftmq\0313tlftmq\x64\debug\0313tlftmq.tlog\link-cvtres.read.1.tlog
c:\users\hwshin\desktop\wsp\0313tlftmq\0313tlftmq\x64\debug\0313tlftmq.tlog\link-cvtres.write.1.tlog
c:\users\hwshin\desktop\wsp\0313tlftmq\0313tlftmq\x64\debug\0313tlftmq.tlog\link-rc.read.1.tlog
c:\users\hwshin\desktop\wsp\0313tlftmq\0313tlftmq\x64\debug\0313tlftmq.tlog\link-rc.write.1.tlog
c:\users\hwshin\desktop\wsp\0313tlftmq\0313tlftmq\x64\debug\0313tlftmq.tlog\link.command.1.tlog
c:\users\hwshin\desktop\wsp\0313tlftmq\0313tlftmq\x64\debug\0313tlftmq.tlog\link.read.1.tlog
c:\users\hwshin\desktop\wsp\0313tlftmq\0313tlftmq\x64\debug\0313tlftmq.tlog\link.read.2.tlog
c:\users\hwshin\desktop\wsp\0313tlftmq\0313tlftmq\x64\debug\0313tlftmq.tlog\link.write.1.tlog
c:\users\hwshin\desktop\wsp\0313tlftmq\0313tlftmq\x64\debug\0313tlftmq.tlog\rc.command.1.tlog
c:\users\hwshin\desktop\wsp\0313tlftmq\0313tlftmq\x64\debug\0313tlftmq.tlog\rc.read.1.tlog
c:\users\hwshin\desktop\wsp\0313tlftmq\0313tlftmq\x64\debug\0313tlftmq.tlog\rc.write.1.tlog
