c:\users\hwshin\desktop\wsp\0312project\0312project\x64\debug\vc143.pdb
c:\users\hwshin\desktop\wsp\0312project\0312project\x64\debug\vc143.idb
c:\users\hwshin\desktop\wsp\0312project\0312project\x64\debug\process.obj
c:\users\hwshin\desktop\wsp\0312project\0312project\x64\debug\ui.obj
c:\users\hwshin\desktop\wsp\0312project\0312project\x64\debug\start.obj
c:\users\hwshin\desktop\wsp\0312project\0312project\x64\debug\handler.obj
c:\users\hwshin\desktop\wsp\0312project\0312project\x64\debug\control.obj
c:\users\hwshin\desktop\wsp\0312project\x64\debug\0312project.exe
c:\users\hwshin\desktop\wsp\0312project\x64\debug\0312project.pdb
c:\users\hwshin\desktop\wsp\0312project\0312project\x64\debug\0312project.res
c:\users\hwshin\desktop\wsp\0312project\0312project\x64\debug\0312project.ilk
c:\users\hwshin\desktop\wsp\0312project\0312project\x64\debug\0312project.tlog\cl.command.1.tlog
c:\users\hwshin\desktop\wsp\0312project\0312project\x64\debug\0312project.tlog\cl.items.tlog
c:\users\hwshin\desktop\wsp\0312project\0312project\x64\debug\0312project.tlog\cl.read.1.tlog
c:\users\hwshin\desktop\wsp\0312project\0312project\x64\debug\0312project.tlog\cl.write.1.tlog
c:\users\hwshin\desktop\wsp\0312project\0312project\x64\debug\0312project.tlog\link.command.1.tlog
c:\users\hwshin\desktop\wsp\0312project\0312project\x64\debug\0312project.tlog\link.read.1.tlog
c:\users\hwshin\desktop\wsp\0312project\0312project\x64\debug\0312project.tlog\link.secondary.1.tlog
c:\users\hwshin\desktop\wsp\0312project\0312project\x64\debug\0312project.tlog\link.write.1.tlog
c:\users\hwshin\desktop\wsp\0312project\0312project\x64\debug\0312project.tlog\rc.command.1.tlog
c:\users\hwshin\desktop\wsp\0312project\0312project\x64\debug\0312project.tlog\rc.read.1.tlog
c:\users\hwshin\desktop\wsp\0312project\0312project\x64\debug\0312project.tlog\rc.write.1.tlog
